<?xml version="1.0" encoding="UTF-8"?>
<!-- Generated by org.testng.reporters.JUnitReportReporter -->
<testsuite hostname="AMIT" failures="0" tests="2" name="com.mystore.testscripts.IndexPageTest" time="22.861" errors="0" timestamp="2022-07-22T12:47:21 IST" skipped="0">
  <testcase classname="com.mystore.testscripts.IndexPageTest" name="VerifymyStoreLogo" time="11.599"/>
  <system-out/>
  <testcase classname="com.mystore.testscripts.IndexPageTest" name="VerifyTitle" time="11.262"/>
  <system-out/>
</testsuite> <!-- com.mystore.testscripts.IndexPageTest -->
